<?xml version="1.0" encoding="UTF-8"?>
<!-- Generated by org.testng.reporters.JUnitReportReporter -->
<testsuite skipped="0" hostname="W10H40DZY2" name="com.PrincipalSubmit.SubmitClass" tests="1" failures="0" timestamp="2020-05-17T22:24:22 IST" time="11.725" errors="0">
  <testcase name="clickSubmit" time="11.725" classname="com.PrincipalSubmit.SubmitClass"/>
  <system-out/>
</testsuite> <!-- com.PrincipalSubmit.SubmitClass -->
